<?xml version="1.0" encoding="UTF-8"?>
<!-- Generated by org.testng.reporters.JUnitReportReporter -->
<testsuite skipped="0" hostname="Lenovo" name="com.mercurytours.testcases.VerifyTicketPurchase" tests="2" failures="0" timestamp="23 Nov 2017 02:08:38 GMT" time="10.208" errors="0">
  <testcase name="verifyPurchase" time="7.207" classname="com.mercurytours.testcases.VerifyTicketPurchase"/>
  <testcase name="verifyLogin" time="3.001" classname="com.mercurytours.testcases.VerifyTicketPurchase"/>
</testsuite> <!-- com.mercurytours.testcases.VerifyTicketPurchase -->
