<?xml version="1.0" encoding="UTF-8"?>
<!-- Generated by org.testng.reporters.JUnitReportReporter -->
<testsuite skipped="0" hostname="Lenovo" name="com.mercurytours.testcases.VerifyHomePageTitle" tests="1" failures="0" timestamp="23 Nov 2017 02:08:38 GMT" time="0.021" errors="0">
  <testcase name="pageTitle" time="0.021" classname="com.mercurytours.testcases.VerifyHomePageTitle"/>
</testsuite> <!-- com.mercurytours.testcases.VerifyHomePageTitle -->
