<?xml version="1.0" encoding="UTF-8"?>
<!-- Generated by org.testng.reporters.JUnitReportReporter -->
<testsuite skipped="0" hostname="Lenovo" name="com.mercurytours.testcases.LoginAppPF" tests="1" failures="0" timestamp="05 Nov 2017 15:04:21 GMT" time="3.396" errors="0">
  <testcase name="verifyLogin" time="3.396" classname="com.mercurytours.testcases.LoginAppPF"/>
</testsuite> <!-- com.mercurytours.testcases.LoginAppPF -->
