<?xml version="1.0" encoding="UTF-8"?>
<!-- Generated by org.testng.reporters.JUnitReportReporter -->
<testsuite skipped="0" hostname="Lenovo" name="com.mercurytours.testcases.VerifyTicketPurchase" tests="2" failures="0" timestamp="22 Nov 2017 18:30:14 GMT" time="9.912" errors="0">
  <testcase name="verifyLogin" time="3.369" classname="com.mercurytours.testcases.VerifyTicketPurchase"/>
  <testcase name="verifyPurchase" time="6.543" classname="com.mercurytours.testcases.VerifyTicketPurchase"/>
</testsuite> <!-- com.mercurytours.testcases.VerifyTicketPurchase -->
